<?xml version="1.0" encoding="UTF-8"?>
<!-- Generated by org.testng.reporters.JUnitXMLReporter -->
<testsuite hostname="ginosmac.local" name="Failing tests" tests="1" failures="1" timestamp="5 Jun 2014 06:40:44 GMT" time="8.039" errors="0">
  <testcase name="mobTester" time="8.037" classname="mobby.HarTester2">
    <failure type="java.lang.AssertionError" message="Did not find pattern: ^http://www.google-analytics.com/ga.js">
      <![CDATA[java.lang.AssertionError: Did not find pattern: ^http://www.google-analytics.com/ga.js
	at mobby.HarTester2.mobTester(HarTester2.java:105)
... Removed 26 stack frames]]>
    </failure>
  </testcase> <!-- mobTester -->
</testsuite> <!-- Failing tests -->
