<?xml version="1.0" encoding="UTF-8"?>
<!-- Generated by org.testng.reporters.JUnitReportReporter -->
<testsuite hostname="ginosmac.local" name="mobby.HarTesterHeadless" tests="2" failures="2" timestamp="5 Jun 2014 20:35:28 GMT" time="42.444" errors="0">
  <testcase name="mobTester" time="0.001" classname="mobby.HarTesterHeadless">
    <failure type="java.lang.NullPointerException">
      <![CDATA[java.lang.NullPointerException
	at mobby.HarTesterHeadless.startBrowser(HarTesterHeadless.java:48)
	at sun.reflect.NativeMethodAccessorImpl.invoke0(Native Method)
	at sun.reflect.NativeMethodAccessorImpl.invoke(NativeMethodAccessorImpl.java:57)
	at sun.reflect.DelegatingMethodAccessorImpl.invoke(DelegatingMethodAccessorImpl.java:43)
	at java.lang.reflect.Method.invoke(Method.java:606)
	at org.testng.internal.MethodInvocationHelper.invokeMethod(MethodInvocationHelper.java:84)
	at org.testng.internal.Invoker.invokeConfigurationMethod(Invoker.java:564)
	at org.testng.internal.Invoker.invokeConfigurations(Invoker.java:213)
	at org.testng.internal.Invoker.invokeConfigurations(Invoker.java:138)
	at org.testng.TestRunner.beforeRun(TestRunner.java:641)
	at org.testng.TestRunner.run(TestRunner.java:609)
	at org.testng.SuiteRunner.runTest(SuiteRunner.java:334)
	at org.testng.SuiteRunner.runSequentially(SuiteRunner.java:329)
	at org.testng.SuiteRunner.privateRun(SuiteRunner.java:291)
	at org.testng.SuiteRunner.run(SuiteRunner.java:240)
	at org.testng.SuiteRunnerWorker.runSuite(SuiteRunnerWorker.java:52)
	at org.testng.SuiteRunnerWorker.run(SuiteRunnerWorker.java:86)
	at org.testng.TestNG.runSuitesSequentially(TestNG.java:1224)
	at org.testng.TestNG.runSuitesLocally(TestNG.java:1149)
	at org.testng.TestNG.run(TestNG.java:1057)
	at org.testng.remote.RemoteTestNG.run(RemoteTestNG.java:111)
	at org.testng.remote.RemoteTestNG.initAndRun(RemoteTestNG.java:204)
	at org.testng.remote.RemoteTestNG.main(RemoteTestNG.java:175)
]]>
    </failure>
  </testcase> <!-- mobTester -->
  <testcase name="mobTester" time="42.443" classname="mobby.HarTesterHeadless">
    <failure type="java.lang.OutOfMemoryError" message="Java heap space">
      <![CDATA[java.lang.OutOfMemoryError: Java heap space
	at java.lang.AbstractStringBuilder.<init>(AbstractStringBuilder.java:64)
	at java.lang.StringBuilder.<init>(StringBuilder.java:97)
	at org.codehaus.jackson.util.TextBuffer.contentsAsString(TextBuffer.java:319)
	at org.codehaus.jackson.impl.Utf8StreamParser.getText(Utf8StreamParser.java:111)
	at edu.umass.cs.benchlab.har.HarContent.<init>(HarContent.java:143)
	at edu.umass.cs.benchlab.har.HarResponse.<init>(HarResponse.java:162)
	at edu.umass.cs.benchlab.har.HarEntry.<init>(HarEntry.java:185)
	at edu.umass.cs.benchlab.har.HarEntries.<init>(HarEntries.java:86)
	at edu.umass.cs.benchlab.har.HarLog.<init>(HarLog.java:131)
	at edu.umass.cs.benchlab.har.tools.HarFileReader.readHarFile(HarFileReader.java:116)
	at edu.umass.cs.benchlab.har.tools.HarFileReader.readHarFile(HarFileReader.java:89)
	at mobby.HarTesterHeadless.mobTester(HarTesterHeadless.java:74)
	at sun.reflect.NativeMethodAccessorImpl.invoke0(Native Method)
	at sun.reflect.NativeMethodAccessorImpl.invoke(NativeMethodAccessorImpl.java:57)
	at sun.reflect.DelegatingMethodAccessorImpl.invoke(DelegatingMethodAccessorImpl.java:43)
	at java.lang.reflect.Method.invoke(Method.java:606)
	at org.testng.internal.MethodInvocationHelper.invokeMethod(MethodInvocationHelper.java:84)
	at org.testng.internal.Invoker.invokeMethod(Invoker.java:714)
	at org.testng.internal.Invoker.invokeTestMethod(Invoker.java:901)
	at org.testng.internal.Invoker.invokeTestMethods(Invoker.java:1231)
	at org.testng.internal.TestMethodWorker.invokeTestMethods(TestMethodWorker.java:127)
	at org.testng.internal.TestMethodWorker.run(TestMethodWorker.java:111)
	at org.testng.TestRunner.privateRun(TestRunner.java:767)
	at org.testng.TestRunner.run(TestRunner.java:617)
	at org.testng.SuiteRunner.runTest(SuiteRunner.java:334)
	at org.testng.SuiteRunner.runSequentially(SuiteRunner.java:329)
	at org.testng.SuiteRunner.privateRun(SuiteRunner.java:291)
	at org.testng.SuiteRunner.run(SuiteRunner.java:240)
	at org.testng.SuiteRunnerWorker.runSuite(SuiteRunnerWorker.java:52)
	at org.testng.SuiteRunnerWorker.run(SuiteRunnerWorker.java:86)
	at org.testng.TestNG.runSuitesSequentially(TestNG.java:1224)
	at org.testng.TestNG.runSuitesLocally(TestNG.java:1149)
]]>
    </failure>
  </testcase> <!-- mobTester -->
</testsuite> <!-- mobby.HarTesterHeadless -->
