<?xml version="1.0" encoding="UTF-8"?>
<!-- Generated by org.testng.reporters.JUnitReportReporter -->
<testsuite hostname="ginosmac.local" name="mobby.HarTester2" tests="2" failures="1" timestamp="5 Jun 2014 20:37:30 GMT" time="9.849" errors="0">
  <testcase name="mobTester" time="5.443" classname="mobby.HarTester2">
    <failure type="org.codehaus.jackson.JsonParseException" message="Missing timings field in entries element
 at [Source: myhar.har; line: 1, column: 2982452]">
      <![CDATA[org.codehaus.jackson.JsonParseException: Missing timings field in entries element
 at [Source: myhar.har; line: 1, column: 2982452]
	at edu.umass.cs.benchlab.har.HarEntry.<init>(HarEntry.java:259)
	at edu.umass.cs.benchlab.har.HarEntries.<init>(HarEntries.java:86)
	at edu.umass.cs.benchlab.har.HarLog.<init>(HarLog.java:131)
	at edu.umass.cs.benchlab.har.tools.HarFileReader.readHarFile(HarFileReader.java:116)
	at edu.umass.cs.benchlab.har.tools.HarFileReader.readHarFile(HarFileReader.java:89)
	at mobby.HarTester2.mobTester(HarTester2.java:77)
	at sun.reflect.NativeMethodAccessorImpl.invoke0(Native Method)
	at sun.reflect.NativeMethodAccessorImpl.invoke(NativeMethodAccessorImpl.java:57)
	at sun.reflect.DelegatingMethodAccessorImpl.invoke(DelegatingMethodAccessorImpl.java:43)
	at java.lang.reflect.Method.invoke(Method.java:606)
	at org.testng.internal.MethodInvocationHelper.invokeMethod(MethodInvocationHelper.java:84)
	at org.testng.internal.Invoker.invokeMethod(Invoker.java:714)
	at org.testng.internal.Invoker.invokeTestMethod(Invoker.java:901)
	at org.testng.internal.Invoker.invokeTestMethods(Invoker.java:1231)
	at org.testng.internal.TestMethodWorker.invokeTestMethods(TestMethodWorker.java:127)
	at org.testng.internal.TestMethodWorker.run(TestMethodWorker.java:111)
	at org.testng.TestRunner.privateRun(TestRunner.java:767)
	at org.testng.TestRunner.run(TestRunner.java:617)
	at org.testng.SuiteRunner.runTest(SuiteRunner.java:334)
	at org.testng.SuiteRunner.runSequentially(SuiteRunner.java:329)
	at org.testng.SuiteRunner.privateRun(SuiteRunner.java:291)
	at org.testng.SuiteRunner.run(SuiteRunner.java:240)
	at org.testng.SuiteRunnerWorker.runSuite(SuiteRunnerWorker.java:52)
	at org.testng.SuiteRunnerWorker.run(SuiteRunnerWorker.java:86)
	at org.testng.TestNG.runSuitesSequentially(TestNG.java:1224)
	at org.testng.TestNG.runSuitesLocally(TestNG.java:1149)
	at org.testng.TestNG.run(TestNG.java:1057)
	at org.testng.remote.RemoteTestNG.run(RemoteTestNG.java:111)
	at org.testng.remote.RemoteTestNG.initAndRun(RemoteTestNG.java:204)
	at org.testng.remote.RemoteTestNG.main(RemoteTestNG.java:175)
]]>
    </failure>
  </testcase> <!-- mobTester -->
  <testcase name="mobTester" time="4.406" classname="mobby.HarTester2"/>
</testsuite> <!-- mobby.HarTester2 -->
